###
### Using 'vc9' toolset.
###

C:\Documents and Settings\shawn\Desktop\boost_1_39_0\tools\jam\src>rd /S /Q bootstrap 

C:\Documents and Settings\shawn\Desktop\boost_1_39_0\tools\jam\src>md bootstrap 

C:\Documents and Settings\shawn\Desktop\boost_1_39_0\tools\jam\src>cl /nologo /RTC1 /Zi /MTd /Fobootstrap/ /Fdbootstrap/ -DNT -DYYDEBUG -wd4996 kernel32.lib advapi32.lib user32.lib /Febootstrap\jam0  command.c compile.c debug.c execnt.c expand.c filent.c glob.c hash.c hdrmacro.c headers.c jam.c jambase.c jamgram.c lists.c make.c make1.c newstr.c option.c output.c parse.c pathunix.c regexp.c rules.c scan.c search.c subst.c timestamp.c variable.c modules.c strings.c filesys.c builtins.c pwd.c class.c w32_getreg.c native.c modules/set.c modules/path.c modules/regex.c modules/property-set.c modules/sequence.c modules/order.c 
command.c
compile.c
debug.c
execnt.c
expand.c
filent.c
glob.c
hash.c
hdrmacro.c
headers.c
jam.c
jambase.c
jamgram.c
lists.c
make.c
make1.c
newstr.c
option.c
output.c
parse.c
Generating Code...
Compiling...
pathunix.c
regexp.c
rules.c
scan.c
search.c
subst.c
timestamp.c
variable.c
modules.c
strings.c
filesys.c
builtins.c
pwd.c
class.c
w32_getreg.c
native.c
set.c
path.c
regex.c
property-set.c
Generating Code...
Compiling...
sequence.c
order.c
Generating Code...

C:\Documents and Settings\shawn\Desktop\boost_1_39_0\tools\jam\src>.\bootstrap\jam0 -f build.jam --toolset=vc9 "--toolset-root=C:\Program Files\Microsoft Visual Studio 9.0\Common7\Tools\..\..\VC\ " clean 
...found 1 target...
...updating 1 target...
...updated 1 target...

C:\Documents and Settings\shawn\Desktop\boost_1_39_0\tools\jam\src>.\bootstrap\jam0 -f build.jam --toolset=vc9 "--toolset-root=C:\Program Files\Microsoft Visual Studio 9.0\Common7\Tools\..\..\VC\ "  
...found 47 targets...
...updating 1 target...
[COMPILE] bin.ntx86\bjam.exe
command.c
compile.c
debug.c
expand.c
glob.c
hash.c
hcache.c
headers.c
hdrmacro.c
jam.c
jambase.c
jamgram.c
lists.c
make.c
make1.c
mem.c
newstr.c
option.c
output.c
parse.c
Generating Code...
Compiling...
regexp.c
rules.c
scan.c
search.c
subst.c
w32_getreg.c
timestamp.c
variable.c
modules.c
strings.c
filesys.c
builtins.c
pwd.c
class.c
native.c
set.c
path.c
regex.c
property-set.c
sequence.c
Generating Code...
Compiling...
order.c
execnt.c
filent.c
pathunix.c
Generating Code...
...updated 1 target...
